<?xml version="1.0" encoding="UTF-8"?>
<!-- Generated by org.testng.reporters.JUnitReportReporter -->
<testsuite hostname="SwechaAntara" failures="0" tests="3" name="com.qa.wework.tests.DeletePageTest" time="0.012" errors="0" timestamp="2023-07-31T00:38:54 JST" skipped="0">
  <testcase classname="com.qa.wework.tests.DeletePageTest" name="deletePageTitleTest" time="0.008"/>
  <system-out/>
  <testcase classname="com.qa.wework.tests.DeletePageTest" name="deletePageBtnExistTest" time="0.002"/>
  <system-out/>
  <testcase classname="com.qa.wework.tests.DeletePageTest" name="createBlogBtnExistTest" time="0.002"/>
  <system-out/>
</testsuite> <!-- com.qa.wework.tests.DeletePageTest -->
