<?xml version="1.0" encoding="UTF-8"?>
<!-- Generated by org.testng.reporters.JUnitReportReporter -->
<testsuite hostname="SwechaAntara" failures="0" tests="3" name="com.qa.wework.tests.EditPageTest" time="0.006" errors="0" timestamp="2023-07-31T14:07:45 JST" skipped="0">
  <testcase classname="com.qa.wework.tests.EditPageTest" name="editPageTitleTest" time="0.003"/>
  <system-out/>
  <testcase classname="com.qa.wework.tests.EditPageTest" name="editPageBtnExistTest" time="0.001"/>
  <system-out/>
  <testcase classname="com.qa.wework.tests.EditPageTest" name="editBlogBtnExistTest" time="0.002"/>
  <system-out/>
</testsuite> <!-- com.qa.wework.tests.EditPageTest -->
