<?xml version="1.0" encoding="UTF-8"?>
<!-- Generated by org.testng.reporters.JUnitReportReporter -->
<testsuite hostname="SwechaAntara" failures="0" tests="3" name="com.qa.wework.tests.CreatePageTest" time="0.002" errors="0" timestamp="2023-07-31T14:07:45 JST" skipped="0">
  <testcase classname="com.qa.wework.tests.CreatePageTest" name="createPageTitleTest" time="0.001"/>
  <system-out/>
  <testcase classname="com.qa.wework.tests.CreatePageTest" name="createPageBtnExistTest" time="0.001"/>
  <system-out/>
  <testcase classname="com.qa.wework.tests.CreatePageTest" name="createBlogBtnExistTest" time="0.000"/>
  <system-out/>
</testsuite> <!-- com.qa.wework.tests.CreatePageTest -->
