<?xml version="1.0" encoding="UTF-8"?>
<!-- Generated by org.testng.reporters.JUnitReportReporter -->
<testsuite hostname="SwechaAntara" failures="0" tests="4" name="com.qa.wework.tests.HomePageTest" time="0.331" errors="0" timestamp="2023-07-30T23:29:04 JST" skipped="0">
  <testcase classname="com.qa.wework.tests.HomePageTest" name="homePageTitleTest" time="0.022"/>
  <system-out/>
  <testcase classname="com.qa.wework.tests.HomePageTest" name="getHomePageURLTest" time="0.013"/>
  <system-out/>
  <testcase classname="com.qa.wework.tests.HomePageTest" name="isSearchBtnExistTest" time="0.052"/>
  <system-out/>
  <testcase classname="com.qa.wework.tests.HomePageTest" name="searchTest" time="0.244"/>
  <system-out/>
</testsuite> <!-- com.qa.wework.tests.HomePageTest -->
